<?xml version="1.0" encoding="UTF-8"?>
<testsuite name="PingPongTest" tests="1" skipped="0" failures="0" errors="0" timestamp="2016-04-18T22:05:34" hostname="epicodus-54.local" time="0.002">
  <properties/>
  <testcase name="isPingPong_DoesItContainArray_true" classname="PingPongTest" time="0.002"/>
  <system-out><![CDATA[]]></system-out>
  <system-err><![CDATA[3[1, 2, Pong]3]]></system-err>
</testsuite>
